Arguments: 
  /Users/fabianomtlopes/.nvm/versions/node/v14.16.1/bin/node /usr/local/Cellar/yarn/1.22.10/libexec/bin/yarn.js

PATH: 
  /Users/fabianomtlopes/.serverless/bin:/Users/fabianomtlopes/.nvm/versions/node/v14.16.1/bin:/Users/fabianomtlopes/.nvm/versions/node/v14.16.1/bin:/usr/local/bin:/usr/bin:/bin:/usr/sbin:/sbin:/Library/Apple/usr/bin:/Users/fabianomtlopes/.serverless/bin:/Users/fabianomtlopes/.nvm/versions/node/v14.16.1/bin:/Volumes/HD2/Android/Sdk/emulator:/Volumes/HD2/Android/Sdk/tools:/Volumes/HD2/Android/Sdk/tools/bin:/Volumes/HD2/Android/Sdk/platform-tools:/Volumes/HD2/Android/Sdk/emulator:/Volumes/HD2/Android/Sdk/tools:/Volumes/HD2/Android/Sdk/tools/bin:/Volumes/HD2/Android/Sdk/platform-tools

Yarn version: 
  1.22.10

Node version: 
  14.16.1

Platform: 
  darwin x64

Trace: 
  SyntaxError: /Volumes/HD2/www/rocketseat/desafioTrilhaNode/construindo-com-serverless/desafioServerless/package.json: Unexpected token } in JSON at position 734
      at JSON.parse (<anonymous>)
      at /usr/local/Cellar/yarn/1.22.10/libexec/lib/cli.js:1625:59
      at Generator.next (<anonymous>)
      at step (/usr/local/Cellar/yarn/1.22.10/libexec/lib/cli.js:310:30)
      at /usr/local/Cellar/yarn/1.22.10/libexec/lib/cli.js:321:13

npm manifest: 
  {
    "name": "desafioserverless",
    "version": "1.0.0",
    "description": "Serverless aws-nodejs-typescript template",
    "scripts": {},
    "dependencies": {
      "@middy/core": "^1.5.2",
      "@middy/http-json-body-parser": "^1.5.2",
      "source-map-support": "^0.5.19"
    },
    "devDependencies": {
      "@serverless/typescript": "^2.23.0",
      "@types/aws-lambda": "^8.10.71",
      "@types/node": "^14.14.25",
      "json-schema-to-ts": "^1.5.0",
      "serverless": "^2.23.0",
      "serverless-webpack": "^5.3.5",
      "ts-loader": "^8.0.15",
      "ts-node": "^9.1.1",
      "tsconfig-paths": "^3.9.0",
      "tsconfig-paths-webpack-plugin": "^3.3.0",
      "typescript": "^4.1.3",
      "webpack": "^5.20.2",
      "webpack-node-externals": "^2.5.2"
    },
  
  }

yarn manifest: 
  No manifest

Lockfile: 
  No lockfile
